<?xml version="1.0" encoding="UTF-8" standalone="no"?>
<testsuite failures="0" name="cucumber.runtime.formatter.JUnitFormatter" skipped="0" tests="1" time="46.72578">
    <testcase classname="Data Table Creation" name="Cogmento CRM Creating a new deal scenario" time="46.72578">
        <system-out>
            <![CDATA[Given User is Already On Login Page.........................................passed
When Title Of Login Page Is Cogmento CRM....................................passed
Then User enters Username And PassworD......................................passed
Then User clicks On Login Button............................................passed
Then User Is On Homepage....................................................passed
Then User moves to Deal Page................................................passed
Then user enters deal details...............................................passed
Then User clicks on Save Button.............................................passed
Then Close The BrowseR......................................................passed
]]>
        </system-out>
    </testcase>
</testsuite>
