<?xml version="1.0" encoding="UTF-8" standalone="no"?>
<testsuite failures="6" name="cucumber.runtime.formatter.JUnitFormatter" skipped="0" tests="6" time="0.24458">
    <testcase classname="Cogmento Free CRM Application Testing" name="Login with incorrect Username and Password" time="0.238483">
        <failure message="java.lang.NullPointerException&#13;&#10;&#9;at TaggingStepDefinition.TaggingStepDefinition.this_is_an_invalid_Login_Test(TaggingStepDefinition.java:36)&#13;&#10;&#9;at ✽.Given This is an invalid Login Test(C:/Users/tamji/eclipse-workspace/CucumberDemo_P1/src/main/java/Features/tagging.feature:10)&#13;&#10;">
            <![CDATA[Given This is an invalid Login Test.........................................failed

StackTrace:
java.lang.NullPointerException
	at TaggingStepDefinition.TaggingStepDefinition.this_is_an_invalid_Login_Test(TaggingStepDefinition.java:36)
	at ✽.Given This is an invalid Login Test(C:/Users/tamji/eclipse-workspace/CucumberDemo_P1/src/main/java/Features/tagging.feature:10)
]]>
        </failure>
    </testcase>
    <testcase classname="Cogmento Free CRM Application Testing" name="Search a Deal" time="0.005148">
        <failure message="java.lang.NullPointerException&#13;&#10;&#9;at TaggingStepDefinition.TaggingStepDefinition.this_is_a_Search_Deal_Test(TaggingStepDefinition.java:111)&#13;&#10;&#9;at ✽.Given This is a Search Deal Test(C:/Users/tamji/eclipse-workspace/CucumberDemo_P1/src/main/java/Features/tagging.feature:30)&#13;&#10;">
            <![CDATA[Given This is a Search Deal Test............................................failed

StackTrace:
java.lang.NullPointerException
	at TaggingStepDefinition.TaggingStepDefinition.this_is_a_Search_Deal_Test(TaggingStepDefinition.java:111)
	at ✽.Given This is a Search Deal Test(C:/Users/tamji/eclipse-workspace/CucumberDemo_P1/src/main/java/Features/tagging.feature:30)
]]>
        </failure>
    </testcase>
    <testcase classname="Cogmento Free CRM Application Testing" name="Validate a Report" time="0.000241">
        <failure message="java.lang.NullPointerException&#13;&#10;&#9;at TaggingStepDefinition.TaggingStepDefinition.this_is_a_validate_a_Report_Test(TaggingStepDefinition.java:179)&#13;&#10;&#9;at ✽.Given This is a validate a Report Test(C:/Users/tamji/eclipse-workspace/CucumberDemo_P1/src/main/java/Features/tagging.feature:62)&#13;&#10;">
            <![CDATA[Given This is a validate a Report Test......................................failed

StackTrace:
java.lang.NullPointerException
	at TaggingStepDefinition.TaggingStepDefinition.this_is_a_validate_a_Report_Test(TaggingStepDefinition.java:179)
	at ✽.Given This is a validate a Report Test(C:/Users/tamji/eclipse-workspace/CucumberDemo_P1/src/main/java/Features/tagging.feature:62)
]]>
        </failure>
    </testcase>
    <testcase classname="Cogmento Free CRM Application Testing" name="Search a Form" time="0.000205">
        <failure message="java.lang.NullPointerException&#13;&#10;&#9;at TaggingStepDefinition.TaggingStepDefinition.this_is_a_Search_Form_Test(TaggingStepDefinition.java:170)&#13;&#10;&#9;at ✽.Given This is a Search Form Test(C:/Users/tamji/eclipse-workspace/CucumberDemo_P1/src/main/java/Features/tagging.feature:66)&#13;&#10;">
            <![CDATA[Given This is a Search Form Test............................................failed

StackTrace:
java.lang.NullPointerException
	at TaggingStepDefinition.TaggingStepDefinition.this_is_a_Search_Form_Test(TaggingStepDefinition.java:170)
	at ✽.Given This is a Search Form Test(C:/Users/tamji/eclipse-workspace/CucumberDemo_P1/src/main/java/Features/tagging.feature:66)
]]>
        </failure>
    </testcase>
    <testcase classname="Cogmento Free CRM Application Testing" name="Application Log out" time="0.000228">
        <failure message="java.lang.NullPointerException&#13;&#10;&#9;at TaggingStepDefinition.TaggingStepDefinition.this_is_an_Application_Log_out_Test(TaggingStepDefinition.java:188)&#13;&#10;&#9;at ✽.Given This is an Application Log out Test(C:/Users/tamji/eclipse-workspace/CucumberDemo_P1/src/main/java/Features/tagging.feature:70)&#13;&#10;">
            <![CDATA[Given This is an Application Log out Test...................................failed

StackTrace:
java.lang.NullPointerException
	at TaggingStepDefinition.TaggingStepDefinition.this_is_an_Application_Log_out_Test(TaggingStepDefinition.java:188)
	at ✽.Given This is an Application Log out Test(C:/Users/tamji/eclipse-workspace/CucumberDemo_P1/src/main/java/Features/tagging.feature:70)
]]>
        </failure>
    </testcase>
    <testcase classname="Cogmento Free CRM Application Testing" name="Close the Browser" time="0.000275">
        <failure message="java.lang.NullPointerException&#13;&#10;&#9;at TaggingStepDefinition.TaggingStepDefinition.this_is_a_Close_the_Browser_Test(TaggingStepDefinition.java:197)&#13;&#10;&#9;at ✽.Given This is a Close the Browser Test(C:/Users/tamji/eclipse-workspace/CucumberDemo_P1/src/main/java/Features/tagging.feature:74)&#13;&#10;">
            <![CDATA[Given This is a Close the Browser Test......................................failed

StackTrace:
java.lang.NullPointerException
	at TaggingStepDefinition.TaggingStepDefinition.this_is_a_Close_the_Browser_Test(TaggingStepDefinition.java:197)
	at ✽.Given This is a Close the Browser Test(C:/Users/tamji/eclipse-workspace/CucumberDemo_P1/src/main/java/Features/tagging.feature:74)
]]>
        </failure>
    </testcase>
</testsuite>
