<?xml version="1.0" encoding="UTF-8" standalone="no"?>
<testsuite failures="0" name="cucumber.runtime.formatter.JUnitFormatter" skipped="0" tests="1" time="77.177792">
    <testcase classname="Deal Data Creation" name="Cogmento Free CRM Creating a new deal scenario" time="77.177792">
        <system-out>
            <![CDATA[Given User is Already On Login PAGE.........................................passed
When Title Of Login Page Is COGMENTO CRM....................................passed
Then User enters Username AND Password......................................passed
Then User clicks On LOGIN Button............................................passed
Then User Is On HOMEPAGE....................................................passed
Then User moves to DEAL Page................................................passed
Then user enters DEAL details...............................................passed
Then Close The BROWSER......................................................passed
]]>
        </system-out>
    </testcase>
</testsuite>
